[2015-03-27 13:54:00.745] [INFO] MLP - >>>>>>>>> GITANA CONNECTION SUCCESSFUL!!!
[2015-03-27 15:24:21.265] [INFO] MLP - >>>>>>>>> GITANA CONNECTION SUCCESSFUL!!!
[2015-03-27 15:25:10.714] [DEBUG] MLP - *** setLanguage :en-US
[2015-03-27 15:25:10.716] [INFO] MLP - *** Index.js GET function with tenant ID parameter
[2015-03-27 15:25:10.716] [INFO] MLP - *** Index.js tenantCd - 1
[2015-03-27 15:25:11.294] [DEBUG] MLP - *** setLanguage :en-US
[2015-03-27 15:25:12.040] [DEBUG] MLP - *** setLanguage :en-US
[2015-03-27 15:25:12.289] [DEBUG] MLP - *** setLanguage :en-US
[2015-03-27 15:25:12.297] [DEBUG] MLP - *** setLanguage :en-US
[2015-03-27 15:25:12.549] [DEBUG] MLP - *** setLanguage :en-US
[2015-03-27 15:25:12.553] [DEBUG] MLP - *** setLanguage :en-US
[2015-03-27 15:25:12.556] [DEBUG] MLP - *** setLanguage :en-US
[2015-03-27 15:25:12.620] [DEBUG] MLP - *** setLanguage :en-US
[2015-03-27 15:25:13.398] [DEBUG] MLP - *** setLanguage :en-US
[2015-03-27 15:25:13.579] [DEBUG] MLP - *** setLanguage :en-US
[2015-03-27 15:25:13.873] [DEBUG] MLP - *** setLanguage :en-US
[2015-03-27 15:25:16.209] [DEBUG] MLP - *** setLanguage :en-US
[2015-03-27 15:28:58.272] [DEBUG] MLP - *** setLanguage :en-US
[2015-03-27 15:28:58.273] [INFO] MLP - *** Index.js GET function with tenant ID parameter
[2015-03-27 15:28:58.273] [INFO] MLP - *** Index.js tenantCd - 1
[2015-03-27 15:28:58.553] [DEBUG] MLP - *** setLanguage :en-US
[2015-03-27 15:28:58.904] [DEBUG] MLP - *** setLanguage :en-US
[2015-03-27 15:28:59.037] [DEBUG] MLP - *** setLanguage :en-US
[2015-03-27 15:28:59.040] [DEBUG] MLP - *** setLanguage :en-US
[2015-03-27 15:28:59.724] [DEBUG] MLP - *** setLanguage :en-US
[2015-03-27 15:28:59.744] [DEBUG] MLP - *** setLanguage :en-US
[2015-03-27 15:28:59.768] [DEBUG] MLP - *** setLanguage :en-US
[2015-03-27 15:29:00.221] [DEBUG] MLP - *** setLanguage :en-US
[2015-03-27 15:29:00.480] [DEBUG] MLP - *** setLanguage :en-US
[2015-03-27 15:29:00.482] [DEBUG] MLP - *** setLanguage :en-US
[2015-03-27 15:29:00.486] [DEBUG] MLP - *** setLanguage :en-US
[2015-03-27 15:29:00.725] [DEBUG] MLP - *** setLanguage :en-US
[2015-03-27 15:29:34.200] [INFO] MLP - >>>>>>>>> GITANA CONNECTION SUCCESSFUL!!!
[2015-03-27 15:30:38.827] [DEBUG] MLP - *** setLanguage :en-US
[2015-03-27 15:30:38.828] [INFO] MLP - *** Index.js GET function with tenant ID parameter
[2015-03-27 15:30:38.829] [INFO] MLP - *** Index.js tenantCd - 1
[2015-03-27 15:30:39.239] [DEBUG] MLP - *** setLanguage :en-US
[2015-03-27 15:30:39.456] [DEBUG] MLP - *** setLanguage :en-US
[2015-03-27 15:30:39.683] [DEBUG] MLP - *** setLanguage :en-US
[2015-03-27 15:30:39.686] [DEBUG] MLP - *** setLanguage :en-US
[2015-03-27 15:30:39.694] [DEBUG] MLP - *** setLanguage :en-US
[2015-03-27 15:30:39.699] [DEBUG] MLP - *** setLanguage :en-US
[2015-03-27 15:30:39.709] [DEBUG] MLP - *** setLanguage :en-US
[2015-03-27 15:30:39.749] [DEBUG] MLP - *** setLanguage :en-US
[2015-03-27 15:30:40.564] [DEBUG] MLP - *** setLanguage :en-US
[2015-03-27 15:30:40.570] [DEBUG] MLP - *** setLanguage :en-US
[2015-03-27 15:30:40.591] [DEBUG] MLP - *** setLanguage :en-US
[2015-03-27 15:32:14.408] [DEBUG] MLP - *** setLanguage :en-US
[2015-03-27 15:32:14.408] [INFO] MLP - *** Index.js GET function with tenant ID parameter
[2015-03-27 15:32:14.409] [INFO] MLP - *** Index.js tenantCd - 2
[2015-03-27 15:32:14.746] [DEBUG] MLP - *** setLanguage :en-US
[2015-03-27 15:32:14.948] [DEBUG] MLP - *** setLanguage :en-US
[2015-03-27 15:32:15.179] [DEBUG] MLP - *** setLanguage :en-US
[2015-03-27 15:32:15.185] [DEBUG] MLP - *** setLanguage :en-US
[2015-03-27 15:32:15.195] [DEBUG] MLP - *** setLanguage :en-US
[2015-03-27 15:32:15.213] [DEBUG] MLP - *** setLanguage :en-US
[2015-03-27 15:32:15.217] [DEBUG] MLP - *** setLanguage :en-US
[2015-03-27 15:32:15.584] [DEBUG] MLP - *** setLanguage :en-US
[2015-03-27 15:32:15.867] [DEBUG] MLP - *** setLanguage :en-US
[2015-03-27 15:32:15.921] [DEBUG] MLP - *** setLanguage :en-US
[2015-03-27 15:32:16.130] [DEBUG] MLP - *** setLanguage :en-US
[2015-03-27 15:34:35.500] [INFO] MLP - >>>>>>>>> GITANA CONNECTION SUCCESSFUL!!!
[2015-03-27 15:34:45.841] [DEBUG] MLP - *** setLanguage :en-US
[2015-03-27 15:34:45.843] [INFO] MLP - *** Index.js GET function with tenant ID parameter
[2015-03-27 15:34:45.844] [INFO] MLP - *** Index.js tenantCd - 2
[2015-03-27 15:34:46.381] [DEBUG] MLP - *** setLanguage :en-US
[2015-03-27 15:38:40.044] [DEBUG] MLP - *** setLanguage :en-US
[2015-03-27 15:38:40.045] [INFO] MLP - *** Index.js GET function with tenant ID parameter
[2015-03-27 15:38:40.045] [INFO] MLP - *** Index.js tenantCd - 2
[2015-03-27 15:39:55.688] [DEBUG] MLP - *** setLanguage :en-US
[2015-03-27 15:39:55.689] [INFO] MLP - *** Index.js GET function with tenant ID parameter
[2015-03-27 15:39:55.689] [INFO] MLP - *** Index.js tenantCd - 2
[2015-03-27 15:40:09.117] [DEBUG] MLP - *** setLanguage :en-US
[2015-03-27 15:40:09.117] [INFO] MLP - *** Index.js GET function with tenant ID parameter
[2015-03-27 15:40:09.118] [INFO] MLP - *** Index.js tenantCd - 2
[2015-03-27 15:40:14.857] [DEBUG] MLP - *** setLanguage :en-US
[2015-03-27 15:40:14.858] [INFO] MLP - *** Index.js GET function with tenant ID parameter
[2015-03-27 15:40:14.858] [INFO] MLP - *** Index.js tenantCd - 2
[2015-03-27 15:41:39.679] [DEBUG] MLP - *** setLanguage :en-US
[2015-03-27 15:41:39.680] [INFO] MLP - *** Index.js GET function with tenant ID parameter
[2015-03-27 15:41:39.680] [INFO] MLP - *** Index.js tenantCd - 2
[2015-03-27 15:42:26.369] [INFO] MLP - >>>>>>>>> GITANA CONNECTION SUCCESSFUL!!!
[2015-03-27 15:43:01.430] [DEBUG] MLP - *** setLanguage :en-US
[2015-03-27 15:43:01.433] [INFO] MLP - *** Index.js GET function with tenant ID parameter
[2015-03-27 15:43:01.438] [INFO] MLP - *** Index.js tenantCd - 1
[2015-03-27 15:45:06.106] [INFO] MLP - >>>>>>>>> GITANA CONNECTION SUCCESSFUL!!!
[2015-03-27 15:58:47.291] [DEBUG] MLP - *** setLanguage :en-US
[2015-03-27 15:58:47.293] [INFO] MLP - *** Index.js GET function with tenant ID parameter
[2015-03-27 15:58:47.293] [INFO] MLP - *** Index.js tenantCd - 1
[2015-03-27 15:58:47.297] [DEBUG] MLP - *** Index.js locale - en-GB
[2015-03-27 15:59:06.059] [DEBUG] MLP - *** setLanguage :en-GB
[2015-03-27 15:59:09.431] [DEBUG] MLP - *** setLanguage :en-GB
[2015-03-27 15:59:12.689] [DEBUG] MLP - *** setLanguage :en-GB
[2015-03-27 15:59:15.719] [DEBUG] MLP - *** setLanguage :en-GB
[2015-03-27 15:59:15.719] [INFO] MLP - *** Index.js GET function with tenant ID parameter
[2015-03-27 15:59:15.721] [INFO] MLP - *** Index.js tenantCd - 2
[2015-03-27 15:59:15.722] [DEBUG] MLP - *** Index.js locale - en-GB
[2015-03-27 15:59:40.918] [DEBUG] MLP - *** setLanguage :en-GB
[2015-03-27 15:59:40.919] [INFO] MLP - *** Index.js GET function with tenant ID parameter
[2015-03-27 15:59:40.920] [INFO] MLP - *** Index.js tenantCd - 1
[2015-03-27 15:59:40.921] [DEBUG] MLP - *** Index.js locale - en-GB
[2015-03-27 16:00:11.422] [DEBUG] MLP - *** setLanguage :en-GB
[2015-03-27 16:00:12.397] [DEBUG] MLP - *** setLanguage :en-GB
[2015-03-27 16:00:12.590] [DEBUG] MLP - *** setLanguage :en-GB
[2015-03-27 16:47:33.643] [DEBUG] MLP - *** setLanguage :en-US
[2015-03-27 16:47:33.646] [INFO] MLP - *** Index.js GET function with tenant ID parameter
[2015-03-27 16:47:33.647] [INFO] MLP - *** Index.js tenantCd - 1
[2015-03-27 16:47:33.727] [DEBUG] MLP - *** Index.js locale - en-GB
[2015-03-27 16:47:38.834] [INFO] MLP - >>>>>>>>> GITANA CONNECTION SUCCESSFUL!!!
[2015-03-27 16:47:40.749] [DEBUG] MLP - *** setLanguage :en-GB
[2015-03-27 16:47:40.750] [DEBUG] MLP - << AJAX REQUEST for setLanguage locale-en-GB
[2015-03-27 16:47:40.752] [DEBUG] MLP - Within setLanguage locale set to -en-GB
[2015-03-27 16:47:40.791] [DEBUG] MLP - *** setLanguage :en-GB
[2015-03-27 16:47:40.792] [INFO] MLP - *** Index.js GET function with tenant ID parameter
[2015-03-27 16:47:40.793] [INFO] MLP - *** Index.js tenantCd - 1
[2015-03-27 16:47:40.795] [DEBUG] MLP - *** Index.js locale - en-GB
[2015-03-27 16:47:45.020] [DEBUG] MLP - *** setLanguage :en-GB
[2015-03-27 16:47:45.021] [DEBUG] MLP - << AJAX REQUEST for setLanguage locale-fr-FR
[2015-03-27 16:47:45.022] [DEBUG] MLP - Within setLanguage locale set to -fr-FR
[2015-03-27 16:47:45.037] [DEBUG] MLP - *** setLanguage :fr-FR
[2015-03-27 16:47:45.038] [INFO] MLP - *** Index.js GET function with tenant ID parameter
[2015-03-27 16:47:45.039] [INFO] MLP - *** Index.js tenantCd - 1
[2015-03-27 16:47:45.040] [DEBUG] MLP - *** Index.js locale - fr-FR
[2015-03-27 16:48:23.961] [DEBUG] MLP - *** setLanguage :fr-FR
[2015-03-27 16:48:23.963] [DEBUG] MLP - << AJAX REQUEST for setLanguage locale-fr-FR
[2015-03-27 16:48:23.963] [DEBUG] MLP - Within setLanguage locale set to -fr-FR
[2015-03-27 16:48:23.976] [DEBUG] MLP - *** setLanguage :fr-FR
[2015-03-27 16:48:23.977] [INFO] MLP - *** Index.js GET function with tenant ID parameter
[2015-03-27 16:48:23.977] [INFO] MLP - *** Index.js tenantCd - 1
[2015-03-27 16:48:23.978] [DEBUG] MLP - *** Index.js locale - fr-FR
[2015-03-27 16:48:27.642] [DEBUG] MLP - *** setLanguage :fr-FR
[2015-03-27 16:48:27.643] [DEBUG] MLP - << AJAX REQUEST for setLanguage locale-en-GB
[2015-03-27 16:48:27.643] [DEBUG] MLP - Within setLanguage locale set to -en-GB
[2015-03-27 16:48:27.656] [DEBUG] MLP - *** setLanguage :en-GB
[2015-03-27 16:48:27.657] [INFO] MLP - *** Index.js GET function with tenant ID parameter
[2015-03-27 16:48:27.659] [INFO] MLP - *** Index.js tenantCd - 1
[2015-03-27 16:48:27.663] [DEBUG] MLP - *** Index.js locale - en-GB
[2015-03-27 16:49:08.857] [DEBUG] MLP - *** setLanguage :en-GB
[2015-03-27 16:49:08.858] [INFO] MLP - *** Index.js GET function with tenant ID parameter
[2015-03-27 16:49:08.859] [INFO] MLP - *** Index.js tenantCd - 2
[2015-03-27 16:49:09.012] [DEBUG] MLP - *** Index.js locale - en-GB
[2015-03-27 16:49:14.424] [DEBUG] MLP - *** setLanguage :en-GB
[2015-03-27 16:49:14.428] [DEBUG] MLP - << AJAX REQUEST for setLanguage locale-fr-FR
[2015-03-27 16:49:14.429] [DEBUG] MLP - Within setLanguage locale set to -fr-FR
[2015-03-27 16:49:14.441] [DEBUG] MLP - *** setLanguage :fr-FR
[2015-03-27 16:49:14.443] [INFO] MLP - *** Index.js GET function with tenant ID parameter
[2015-03-27 16:49:14.447] [INFO] MLP - *** Index.js tenantCd - 2
[2015-03-27 16:49:14.448] [DEBUG] MLP - *** Index.js locale - fr-FR
[2015-03-27 16:49:16.677] [DEBUG] MLP - *** setLanguage :fr-FR
[2015-03-27 16:49:16.678] [DEBUG] MLP - << AJAX REQUEST for setLanguage locale-en-GB
[2015-03-27 16:49:16.679] [DEBUG] MLP - Within setLanguage locale set to -en-GB
[2015-03-27 16:49:16.694] [DEBUG] MLP - *** setLanguage :en-GB
[2015-03-27 16:49:16.695] [INFO] MLP - *** Index.js GET function with tenant ID parameter
[2015-03-27 16:49:16.696] [INFO] MLP - *** Index.js tenantCd - 2
[2015-03-27 16:49:16.714] [DEBUG] MLP - *** Index.js locale - en-GB
